<?xml version="1.0" encoding="UTF-8"?>
<testng-results ignored="0" total="2" passed="2" failed="0" skipped="0">
  <reporter-output>
  </reporter-output>
  <suite started-at="2023-12-07T18:17:29 EST" name="OpencartSuite" finished-at="2023-12-07T18:18:05 EST" duration-ms="35616">
    <groups>
      <group name="Master">
        <method signature="TC_001_AccountRegistraionTest.test_account_Registraion()[pri:0, instance:testCases.TC_001_AccountRegistraionTest@2a7f1f10]" name="test_account_Registraion" class="testCases.TC_001_AccountRegistraionTest"/>
        <method signature="TC_002_LoginTest.test_login()[pri:0, instance:testCases.TC_002_LoginTest@54c5a2ff]" name="test_login" class="testCases.TC_002_LoginTest"/>
      </group> <!-- Master -->
      <group name="Sanity">
        <method signature="TC_002_LoginTest.test_login()[pri:0, instance:testCases.TC_002_LoginTest@54c5a2ff]" name="test_login" class="testCases.TC_002_LoginTest"/>
      </group> <!-- Sanity -->
      <group name="Regression">
        <method signature="TC_001_AccountRegistraionTest.test_account_Registraion()[pri:0, instance:testCases.TC_001_AccountRegistraionTest@2a7f1f10]" name="test_account_Registraion" class="testCases.TC_001_AccountRegistraionTest"/>
      </group> <!-- Regression -->
    </groups>
    <test started-at="2023-12-07T18:17:29 EST" name="OpencartTest" finished-at="2023-12-07T18:18:05 EST" duration-ms="35616">
      <class name="testCases.TC_002_LoginTest">
        <test-method is-config="true" signature="setup(java.lang.String)[pri:0, instance:testCases.TC_002_LoginTest@54c5a2ff]" started-at="2023-12-07T18:17:50 EST" name="setup" finished-at="2023-12-07T18:17:58 EST" duration-ms="7694" status="PASS">
          <params>
            <param index="0">
              <value>
                <![CDATA[chrome]]>
              </value>
            </param>
          </params>
          <reporter-output>
          </reporter-output>
        </test-method> <!-- setup -->
        <test-method signature="test_login()[pri:0, instance:testCases.TC_002_LoginTest@54c5a2ff]" started-at="2023-12-07T18:17:58 EST" name="test_login" finished-at="2023-12-07T18:18:04 EST" duration-ms="6656" status="PASS">
          <reporter-output>
          </reporter-output>
        </test-method> <!-- test_login -->
        <test-method is-config="true" signature="tearDown()[pri:0, instance:testCases.TC_002_LoginTest@54c5a2ff]" started-at="2023-12-07T18:18:04 EST" name="tearDown" finished-at="2023-12-07T18:18:05 EST" duration-ms="657" status="PASS">
          <reporter-output>
          </reporter-output>
        </test-method> <!-- tearDown -->
      </class> <!-- testCases.TC_002_LoginTest -->
      <class name="testCases.TC_001_AccountRegistraionTest">
        <test-method is-config="true" signature="setup(java.lang.String)[pri:0, instance:testCases.TC_001_AccountRegistraionTest@2a7f1f10]" started-at="2023-12-07T18:17:30 EST" name="setup" finished-at="2023-12-07T18:17:41 EST" duration-ms="10979" status="PASS">
          <params>
            <param index="0">
              <value>
                <![CDATA[chrome]]>
              </value>
            </param>
          </params>
          <reporter-output>
          </reporter-output>
        </test-method> <!-- setup -->
        <test-method signature="test_account_Registraion()[pri:0, instance:testCases.TC_001_AccountRegistraionTest@2a7f1f10]" started-at="2023-12-07T18:17:41 EST" name="test_account_Registraion" finished-at="2023-12-07T18:17:49 EST" duration-ms="7931" status="PASS">
          <reporter-output>
          </reporter-output>
        </test-method> <!-- test_account_Registraion -->
        <test-method is-config="true" signature="tearDown()[pri:0, instance:testCases.TC_001_AccountRegistraionTest@2a7f1f10]" started-at="2023-12-07T18:17:49 EST" name="tearDown" finished-at="2023-12-07T18:17:50 EST" duration-ms="622" status="PASS">
          <reporter-output>
          </reporter-output>
        </test-method> <!-- tearDown -->
      </class> <!-- testCases.TC_001_AccountRegistraionTest -->
    </test> <!-- OpencartTest -->
  </suite> <!-- OpencartSuite -->
</testng-results>
